<?xml version="1.0" encoding="UTF-8"?>
<!-- Generated by org.testng.reporters.JUnitXMLReporter -->
<testsuite ignored="3" hostname="DESKTOP-BGOVO6J" failures="1" tests="3" name="Test" time="0.156" errors="0" timestamp="07 Sep 2019 07:49:03 GMT">
  <testcase classname="org.mymavenproject.TestNGSample2" name="sam2" time="0.04"/>
  <testcase classname="org.mymavenproject.TestNGSample" name="sample2" time="0.008">
    <failure type="java.lang.AssertionError" message="expected [false] but found [true]">
      <![CDATA[java.lang.AssertionError: expected [false] but found [true]
at org.mymavenproject.TestNGSample.sample2(TestNGSample.java:46)
... Removed 31 stack frames]]>
    </failure>
  </testcase> <!-- sample2 -->
  <testcase classname="org.mymavenproject.TestNGSample" name="sample3" time="0.0"/>
  <testcase classname="org.mymavenproject.TestNGSample" name="sample" time="0.0">
    <ignored/>
  </testcase> <!-- sample -->
  <testcase classname="org.mymavenproject.TestNGSample2" name="sam1" time="0.0">
    <ignored/>
  </testcase> <!-- sam1 -->
  <testcase classname="org.mymavenproject.TestNGSample" name="sample1" time="0.0">
    <ignored/>
  </testcase> <!-- sample1 -->
</testsuite> <!-- Test -->
