<?xml version="1.0" encoding="UTF-8"?>
<testng-results ignored="0" total="1" passed="1" failed="0" skipped="0">
  <reporter-output>
  </reporter-output>
  <suite started-at="2019-09-28T05:01:21Z" name="Default suite" finished-at="2019-09-28T05:01:33Z" duration-ms="12665">
    <groups>
    </groups>
    <test started-at="2019-09-28T05:01:21Z" name="Default test" finished-at="2019-09-28T05:01:33Z" duration-ms="12665">
      <class name="org.act.sample.ActClass">
        <test-method signature="test()[pri:0, instance:org.act.sample.ActClass@247bddad]" started-at="2019-09-28T05:01:21Z" name="test" finished-at="2019-09-28T05:01:33Z" duration-ms="12613" status="PASS">
          <reporter-output>
          </reporter-output>
        </test-method> <!-- test -->
      </class> <!-- org.act.sample.ActClass -->
    </test> <!-- Default test -->
  </suite> <!-- Default suite -->
</testng-results>
