<?xml version="1.0" encoding="UTF-8"?>
<testng-results ignored="0" total="1" passed="1" failed="0" skipped="0">
  <reporter-output>
  </reporter-output>
  <suite started-at="2019-10-12T07:46:14Z" name="Default suite" finished-at="2019-10-12T07:46:33Z" duration-ms="18887">
    <groups>
    </groups>
    <test started-at="2019-10-12T07:46:14Z" name="Default test" finished-at="2019-10-12T07:46:33Z" duration-ms="18887">
      <class name="org.ele.loc.rediff.RediffTest">
        <test-method signature="login()[pri:0, instance:org.ele.loc.rediff.RediffTest@13b6aecc]" started-at="2019-10-12T07:46:14Z" name="login" finished-at="2019-10-12T07:46:33Z" duration-ms="18839" status="PASS">
          <reporter-output>
          </reporter-output>
        </test-method> <!-- login -->
      </class> <!-- org.ele.loc.rediff.RediffTest -->
    </test> <!-- Default test -->
  </suite> <!-- Default suite -->
</testng-results>
